<?xml version="1.0" encoding="UTF-8"?>
<!-- Generated by org.testng.reporters.JUnitReportReporter -->
<testsuite hostname="DESKTOP-J0M3L6F" name="testcases.hybridTestCases.GridTestCase2" tests="1" failures="0" timestamp="26 Jun 2020 20:00:37 GMT" time="18.779" errors="0">
  <testcase name="testApplication" time="18.779" classname="testcases.hybridTestCases.GridTestCase2"/>
</testsuite> <!-- testcases.hybridTestCases.GridTestCase2 -->
