<?xml version="1.0" encoding="UTF-8"?>
<!-- Generated by org.testng.reporters.JUnitReportReporter -->
<testsuite hostname="DESKTOP-J0M3L6F" name="testcases.hybridTestCases.GridTestCase1" tests="1" failures="0" timestamp="26 Jun 2020 19:59:41 GMT" time="18.279" errors="0">
  <testcase name="testApplication" time="18.279" classname="testcases.hybridTestCases.GridTestCase1"/>
</testsuite> <!-- testcases.hybridTestCases.GridTestCase1 -->
